<?xml version="1.0" encoding="UTF-8"?>
<!-- Generated by org.testng.reporters.JUnitXMLReporter -->
<testsuite ignored="3" hostname="ashok" failures="0" tests="1" name="Default test" time="5.793" errors="0" timestamp="2024-08-19T17:37:52 IST">
  <testcase classname="Selenium_Maven.Maven_TestNg_Project.Mavenprogram" name="A" time="5.741"/>
  <testcase classname="Selenium_Maven.Maven_TestNg_Project.Mavenprogram" name="C" time="0.0">
    <ignored/>
  </testcase> <!-- C -->
  <testcase classname="Selenium_Maven.Maven_TestNg_Project.Mavenprogram" name="verifymousehover" time="0.0">
    <ignored/>
  </testcase> <!-- verifymousehover -->
  <testcase classname="Selenium_Maven.Maven_TestNg_Project.Mavenprogram" name="B" time="0.0">
    <ignored/>
  </testcase> <!-- B -->
</testsuite> <!-- Default test -->
