<?xml version="1.0" encoding="UTF-8"?>
<testng-results ignored="3" total="4" passed="1" failed="0" skipped="0">
  <reporter-output>
  </reporter-output>
  <suite started-at="2024-08-19T17:37:46 IST" name="Default suite" finished-at="2024-08-19T17:37:51 IST" duration-ms="5793">
    <groups>
    </groups>
    <test started-at="2024-08-19T17:37:46 IST" name="Default test" finished-at="2024-08-19T17:37:51 IST" duration-ms="5793">
      <class name="Selenium_Maven.Maven_TestNg_Project.Mavenprogram">
        <test-method signature="A()[pri:3, instance:Selenium_Maven.Maven_TestNg_Project.Mavenprogram@71809907]" started-at="2024-08-19T17:37:46 IST" name="A" finished-at="2024-08-19T17:37:51 IST" duration-ms="5741" status="PASS">
          <reporter-output>
          </reporter-output>
        </test-method> <!-- A -->
      </class> <!-- Selenium_Maven.Maven_TestNg_Project.Mavenprogram -->
    </test> <!-- Default test -->
  </suite> <!-- Default suite -->
</testng-results>
